Buildfile: /home/shared/ece382v/jpf-shadow/build.xml

clean:
   [delete] Deleting directory /home/shared/ece382v/jpf-shadow/build

BUILD SUCCESSFUL
Total time: 0 seconds
Buildfile: /home/shared/ece382v/jpf-shadow/build.xml

-init:
    [mkdir] Created dir: /home/shared/ece382v/jpf-shadow/build

-compile-annotations:

-compile-main:
    [mkdir] Created dir: /home/shared/ece382v/jpf-shadow/build/main
    [javac] Compiling 71 source files to /home/shared/ece382v/jpf-shadow/build/main
    [javac] Note: Some input files use unchecked or unsafe operations.
    [javac] Note: Recompile with -Xlint:unchecked for details.

-compile-peers:

-compile-classes:

-compile-tests:

-compile-examples:
    [mkdir] Created dir: /home/shared/ece382v/jpf-shadow/build/examples
    [javac] Compiling 85 source files to /home/shared/ece382v/jpf-shadow/build/examples

compile:

-jar-jvm:
      [jar] Building jar: /home/shared/ece382v/jpf-shadow/build/jpf-shadow.jar

-jar-jpf:

-jar-annotations:

build:

BUILD SUCCESSFUL
Total time: 3 seconds
