Buildfile: /home/shared/ece382v/jpf-core/build.xml

clean:
   [delete] Deleting directory /home/shared/ece382v/jpf-core/build

BUILD SUCCESSFUL
Total time: 0 seconds
Buildfile: /home/shared/ece382v/jpf-core/build.xml

clean:

-init:
    [mkdir] Created dir: /home/shared/ece382v/jpf-core/build

-compile-annotations:
    [mkdir] Created dir: /home/shared/ece382v/jpf-core/build/annotations
    [javac] Compiling 10 source files to /home/shared/ece382v/jpf-core/build/annotations

-compile-main:
    [mkdir] Created dir: /home/shared/ece382v/jpf-core/build/main
    [javac] Compiling 708 source files to /home/shared/ece382v/jpf-core/build/main
    [javac] /home/shared/ece382v/jpf-core/src/main/gov/nasa/jpf/vm/MJIEnv.java:20: warning: InstructionConstants is internal proprietary API and may be removed in a future release
    [javac] import com.sun.org.apache.bcel.internal.generic.InstructionConstants;
    [javac]                                                ^
    [javac] /home/shared/ece382v/jpf-core/src/main/gov/nasa/jpf/vm/HashedAllocationContext.java:21: warning: SharedSecrets is internal proprietary API and may be removed in a future release
    [javac] import sun.misc.SharedSecrets;
    [javac]                ^
    [javac] /home/shared/ece382v/jpf-core/src/main/gov/nasa/jpf/vm/HashedAllocationContext.java:22: warning: JavaLangAccess is internal proprietary API and may be removed in a future release
    [javac] import sun.misc.JavaLangAccess;
    [javac]                ^
    [javac] /home/shared/ece382v/jpf-core/src/main/gov/nasa/jpf/vm/HashedAllocationContext.java:85: warning: JavaLangAccess is internal proprietary API and may be removed in a future release
    [javac]    static final JavaLangAccess JLA = SharedSecrets.getJavaLangAccess();
    [javac]                 ^
    [javac] /home/shared/ece382v/jpf-core/src/main/gov/nasa/jpf/vm/HashedAllocationContext.java:85: warning: SharedSecrets is internal proprietary API and may be removed in a future release
    [javac]    static final JavaLangAccess JLA = SharedSecrets.getJavaLangAccess();
    [javac]                                      ^
    [javac] /home/shared/ece382v/jpf-core/src/main/gov/nasa/jpf/vm/choice/PermutationCG.java:35: warning: [deprecation] ChoiceGeneratorBase() in ChoiceGeneratorBase has been deprecated
    [javac]   public PermutationCG (PermutationGenerator pg){
    [javac]                                                 ^
    [javac] Note: Some input files use unchecked or unsafe operations.
    [javac] Note: Recompile with -Xlint:unchecked for details.
    [javac] 6 warnings

-compile-peers:
    [mkdir] Created dir: /home/shared/ece382v/jpf-core/build/peers
    [javac] Compiling 79 source files to /home/shared/ece382v/jpf-core/build/peers
    [javac] Note: /home/shared/ece382v/jpf-core/src/peers/gov/nasa/jpf/vm/JPF_java_util_Random.java uses internal proprietary API that may be removed in a future release.
    [javac] Note: Recompile with -Xlint:sunapi for details.

-compile-classes:
    [mkdir] Created dir: /home/shared/ece382v/jpf-core/build/classes
    [javac] Compiling 84 source files to /home/shared/ece382v/jpf-core/build/classes
    [javac] Note: Some input files use internal proprietary API that may be removed in a future release.
    [javac] Note: Recompile with -Xlint:sunapi for details.
    [javac] Creating empty /home/shared/ece382v/jpf-core/build/classes/java/nio/package-info.class

-compile-tests:
    [mkdir] Created dir: /home/shared/ece382v/jpf-core/build/tests
    [javac] Compiling 191 source files to /home/shared/ece382v/jpf-core/build/tests
    [javac] /home/shared/ece382v/jpf-core/src/tests/TypeNameTest.java:31: warning: [overrides] Class B overrides equals, but neither it nor any superclass overrides hashCode method
    [javac] class B {
    [javac] ^
    [javac] /home/shared/ece382v/jpf-core/src/tests/gov/nasa/jpf/test/mc/data/CGCreatorFactoryTest.java:44: warning: [overrides] Class CGCreatorFactoryTest.B overrides equals, but neither it nor any superclass overrides hashCode method
    [javac]   class B {
    [javac]   ^
    [javac] /home/shared/ece382v/jpf-core/src/tests/gov/nasa/jpf/test/mc/data/JSONTest.java:344: warning: [overrides] Class JSONTest.Bool overrides equals, but neither it nor any superclass overrides hashCode method
    [javac]   class Bool {
    [javac]   ^
    [javac] /home/shared/ece382v/jpf-core/src/tests/gov/nasa/jpf/test/mc/data/JSONTest.java:388: warning: [overrides] Class JSONTest.ByteShortIntLong overrides equals, but neither it nor any superclass overrides hashCode method
    [javac]   class ByteShortIntLong {
    [javac]   ^
    [javac] /home/shared/ece382v/jpf-core/src/tests/gov/nasa/jpf/test/mc/data/JSONTest.java:447: warning: [overrides] Class JSONTest.O overrides equals, but neither it nor any superclass overrides hashCode method
    [javac]   class O {
    [javac]   ^
    [javac] /home/shared/ece382v/jpf-core/src/tests/gov/nasa/jpf/test/mc/data/JSONTest.java:479: warning: [overrides] Class JSONTest.ArrI overrides equals, but neither it nor any superclass overrides hashCode method
    [javac]   class ArrI {
    [javac]   ^
    [javac] /home/shared/ece382v/jpf-core/src/tests/gov/nasa/jpf/test/mc/data/JSONTest.java:520: warning: [overrides] Class JSONTest.BoxedInteger overrides equals, but neither it nor any superclass overrides hashCode method
    [javac]   class BoxedInteger {
    [javac]   ^
    [javac] /home/shared/ece382v/jpf-core/src/tests/gov/nasa/jpf/test/mc/data/JSONTest.java:549: warning: [overrides] Class JSONTest.BoxedDouble overrides equals, but neither it nor any superclass overrides hashCode method
    [javac]   class BoxedDouble {
    [javac]   ^
    [javac] /home/shared/ece382v/jpf-core/src/tests/gov/nasa/jpf/test/vm/reflection/ReflectionTest.java:34: warning: [deprecation] getCallerClass(int) in Reflection has been deprecated
    [javac]       Class<?> callerCls = sun.reflect.Reflection.getCallerClass(0); // that would be getCallerClass()
    [javac]                                                  ^
    [javac] /home/shared/ece382v/jpf-core/src/tests/gov/nasa/jpf/test/vm/reflection/ReflectionTest.java:38: warning: [deprecation] getCallerClass(int) in Reflection has been deprecated
    [javac]       callerCls = sun.reflect.Reflection.getCallerClass(1); // foo()
    [javac]                                         ^
    [javac] /home/shared/ece382v/jpf-core/src/tests/gov/nasa/jpf/test/vm/reflection/ReflectionTest.java:42: warning: [deprecation] getCallerClass(int) in Reflection has been deprecated
    [javac]       callerCls = sun.reflect.Reflection.getCallerClass(2); // bar()
    [javac]                                         ^
    [javac] /home/shared/ece382v/jpf-core/src/tests/gov/nasa/jpf/test/vm/reflection/ReflectionTest.java:46: warning: [deprecation] getCallerClass(int) in Reflection has been deprecated
    [javac]       callerCls = sun.reflect.Reflection.getCallerClass(3); // callIt()
    [javac]                                         ^
    [javac] /home/shared/ece382v/jpf-core/src/tests/gov/nasa/jpf/util/SortedArrayObjectSetTest.java:30: warning: [overrides] Class X overrides equals, but neither it nor any superclass overrides hashCode method
    [javac]   static class X implements Comparable<X> {
    [javac]          ^
    [javac] Note: Some input files use unchecked or unsafe operations.
    [javac] Note: Recompile with -Xlint:unchecked for details.
    [javac] Note: /home/shared/ece382v/jpf-core/src/tests/gov/nasa/jpf/test/vm/reflection/ReflectionTest.java uses internal proprietary API that may be removed in a future release.
    [javac] Note: Recompile with -Xlint:sunapi for details.
    [javac] 13 warnings

-compile-examples:
    [mkdir] Created dir: /home/shared/ece382v/jpf-core/build/examples
    [javac] Compiling 11 source files to /home/shared/ece382v/jpf-core/build/examples

compile:

-version:

build:
      [jar] Building jar: /home/shared/ece382v/jpf-core/build/jpf-classes.jar
      [jar] Building jar: /home/shared/ece382v/jpf-core/build/jpf.jar
      [jar] Building jar: /home/shared/ece382v/jpf-core/build/jpf-annotations.jar
      [jar] Building jar: /home/shared/ece382v/jpf-core/build/classloader_specific_tests.jar
      [jar] Building jar: /home/shared/ece382v/jpf-core/build/RunJPF.jar
      [jar] Building jar: /home/shared/ece382v/jpf-core/build/RunTest.jar

BUILD SUCCESSFUL
Total time: 12 seconds
